[1.509s] DEBUG:colcon:Command line arguments: ['/usr/bin/colcon', 'list', '-p', '--base-paths', '/home/tersoo/ros_ws_new']
[1.509s] DEBUG:colcon:Parsed command line arguments: Namespace(log_base=None, log_level=None, verb_name='list', build_base='build', ignore_user_meta=False, metas=['./colcon.meta'], base_paths=['/home/tersoo/ros_ws_new'], packages_ignore=None, packages_ignore_regex=None, paths=None, packages_up_to=None, packages_up_to_regex=None, packages_above=None, packages_above_and_dependencies=None, packages_above_depth=None, packages_select_by_dep=None, packages_skip_by_dep=None, packages_skip_up_to=None, packages_select_build_failed=False, packages_skip_build_finished=False, packages_select_test_failures=False, packages_skip_test_passed=False, packages_select=None, packages_skip=None, packages_select_regex=None, packages_skip_regex=None, packages_start=None, packages_end=None, allow_overriding=[], topological_order=False, names_only=False, paths_only=True, topological_graph=False, topological_graph_dot=False, topological_graph_density=False, topological_graph_legend=False, topological_graph_dot_cluster=False, topological_graph_dot_include_skipped=False, mixin_files=None, mixin=None, verb_parser=<colcon_mixin.mixin.mixin_argument.MixinArgumentDecorator object at 0x70a5a30aac30>, verb_extension=<colcon_package_information.verb.list.ListVerb object at 0x70a5a31ca8d0>, main=<bound method ListVerb.main of <colcon_package_information.verb.list.ListVerb object at 0x70a5a31ca8d0>>, mixin_verb=('list',))
[1.643s] Level 1:colcon.colcon_core.package_discovery:discover_packages(colcon_meta) check parameters
[1.643s] Level 1:colcon.colcon_core.package_discovery:discover_packages(recursive) check parameters
[1.643s] Level 1:colcon.colcon_core.package_discovery:discover_packages(ignore) check parameters
[1.643s] Level 1:colcon.colcon_core.package_discovery:discover_packages(path) check parameters
[1.643s] Level 1:colcon.colcon_core.package_discovery:discover_packages(recursive) discover
[1.643s] INFO:colcon.colcon_core.package_discovery:Crawling recursively for packages in '/home/tersoo/ros_ws_new'
[1.644s] Level 1:colcon.colcon_core.package_identification:_identify(/home/tersoo/ros_ws_new) by extensions ['ignore', 'ignore_ament_install']
[1.644s] Level 1:colcon.colcon_core.package_identification:_identify(/home/tersoo/ros_ws_new) by extension 'ignore'
[1.644s] Level 1:colcon.colcon_core.package_identification:_identify(/home/tersoo/ros_ws_new) by extension 'ignore_ament_install'
[1.644s] Level 1:colcon.colcon_core.package_identification:_identify(/home/tersoo/ros_ws_new) by extensions ['colcon_pkg']
[1.644s] Level 1:colcon.colcon_core.package_identification:_identify(/home/tersoo/ros_ws_new) by extension 'colcon_pkg'
[1.645s] Level 1:colcon.colcon_core.package_identification:_identify(/home/tersoo/ros_ws_new) by extensions ['colcon_meta']
[1.645s] Level 1:colcon.colcon_core.package_identification:_identify(/home/tersoo/ros_ws_new) by extension 'colcon_meta'
[1.645s] Level 1:colcon.colcon_core.package_identification:_identify(/home/tersoo/ros_ws_new) by extensions ['ros']
[1.645s] Level 1:colcon.colcon_core.package_identification:_identify(/home/tersoo/ros_ws_new) by extension 'ros'
[1.746s] Level 1:colcon.colcon_core.package_identification:_identify(/home/tersoo/ros_ws_new) by extensions ['cmake', 'python']
[1.746s] Level 1:colcon.colcon_core.package_identification:_identify(/home/tersoo/ros_ws_new) by extension 'cmake'
[1.747s] Level 1:colcon.colcon_core.package_identification:_identify(/home/tersoo/ros_ws_new) by extension 'python'
[1.747s] Level 1:colcon.colcon_core.package_identification:_identify(/home/tersoo/ros_ws_new) by extensions ['python_setup_py']
[1.747s] Level 1:colcon.colcon_core.package_identification:_identify(/home/tersoo/ros_ws_new) by extension 'python_setup_py'
[1.747s] Level 1:colcon.colcon_core.package_identification:_identify(/home/tersoo/ros_ws_new/build) by extensions ['ignore', 'ignore_ament_install']
[1.748s] Level 1:colcon.colcon_core.package_identification:_identify(/home/tersoo/ros_ws_new/build) by extension 'ignore'
[1.748s] Level 1:colcon.colcon_core.package_identification:_identify(/home/tersoo/ros_ws_new/build) by extension 'ignore_ament_install'
[1.749s] Level 1:colcon.colcon_core.package_identification:_identify(/home/tersoo/ros_ws_new/build) by extensions ['colcon_pkg']
[1.749s] Level 1:colcon.colcon_core.package_identification:_identify(/home/tersoo/ros_ws_new/build) by extension 'colcon_pkg'
[1.750s] Level 1:colcon.colcon_core.package_identification:_identify(/home/tersoo/ros_ws_new/build) by extensions ['colcon_meta']
[1.750s] Level 1:colcon.colcon_core.package_identification:_identify(/home/tersoo/ros_ws_new/build) by extension 'colcon_meta'
[1.750s] Level 1:colcon.colcon_core.package_identification:_identify(/home/tersoo/ros_ws_new/build) by extensions ['ros']
[1.750s] Level 1:colcon.colcon_core.package_identification:_identify(/home/tersoo/ros_ws_new/build) by extension 'ros'
[1.750s] Level 1:colcon.colcon_core.package_identification:_identify(/home/tersoo/ros_ws_new/build) ignored
[1.751s] Level 1:colcon.colcon_core.package_identification:_identify(/home/tersoo/ros_ws_new/devel) by extensions ['ignore', 'ignore_ament_install']
[1.751s] Level 1:colcon.colcon_core.package_identification:_identify(/home/tersoo/ros_ws_new/devel) by extension 'ignore'
[1.752s] Level 1:colcon.colcon_core.package_identification:_identify(/home/tersoo/ros_ws_new/devel) by extension 'ignore_ament_install'
[1.752s] Level 1:colcon.colcon_core.package_identification:_identify(/home/tersoo/ros_ws_new/devel) ignored
[1.753s] Level 1:colcon.colcon_core.package_identification:_identify(/home/tersoo/ros_ws_new/log) by extensions ['ignore', 'ignore_ament_install']
[1.753s] Level 1:colcon.colcon_core.package_identification:_identify(/home/tersoo/ros_ws_new/log) by extension 'ignore'
[1.753s] Level 1:colcon.colcon_core.package_identification:_identify(/home/tersoo/ros_ws_new/log) ignored
[1.754s] Level 1:colcon.colcon_core.package_identification:_identify(/home/tersoo/ros_ws_new/src) by extensions ['ignore', 'ignore_ament_install']
[1.754s] Level 1:colcon.colcon_core.package_identification:_identify(/home/tersoo/ros_ws_new/src) by extension 'ignore'
[1.754s] Level 1:colcon.colcon_core.package_identification:_identify(/home/tersoo/ros_ws_new/src) by extension 'ignore_ament_install'
[1.754s] Level 1:colcon.colcon_core.package_identification:_identify(/home/tersoo/ros_ws_new/src) by extensions ['colcon_pkg']
[1.754s] Level 1:colcon.colcon_core.package_identification:_identify(/home/tersoo/ros_ws_new/src) by extension 'colcon_pkg'
[1.755s] Level 1:colcon.colcon_core.package_identification:_identify(/home/tersoo/ros_ws_new/src) by extensions ['colcon_meta']
[1.758s] Level 1:colcon.colcon_core.package_identification:_identify(/home/tersoo/ros_ws_new/src) by extension 'colcon_meta'
[1.758s] Level 1:colcon.colcon_core.package_identification:_identify(/home/tersoo/ros_ws_new/src) by extensions ['ros']
[1.759s] Level 1:colcon.colcon_core.package_identification:_identify(/home/tersoo/ros_ws_new/src) by extension 'ros'
[1.759s] Level 1:colcon.colcon_core.package_identification:_identify(/home/tersoo/ros_ws_new/src) by extensions ['cmake', 'python']
[1.759s] Level 1:colcon.colcon_core.package_identification:_identify(/home/tersoo/ros_ws_new/src) by extension 'cmake'
[1.759s] Level 1:colcon.colcon_core.package_identification:_identify(/home/tersoo/ros_ws_new/src) by extension 'python'
[1.759s] Level 1:colcon.colcon_core.package_identification:_identify(/home/tersoo/ros_ws_new/src) by extensions ['python_setup_py']
[1.759s] Level 1:colcon.colcon_core.package_identification:_identify(/home/tersoo/ros_ws_new/src) by extension 'python_setup_py'
[1.760s] Level 1:colcon.colcon_core.package_identification:_identify(/home/tersoo/ros_ws_new/src/object_tracking_cpp) by extensions ['ignore', 'ignore_ament_install']
[1.760s] Level 1:colcon.colcon_core.package_identification:_identify(/home/tersoo/ros_ws_new/src/object_tracking_cpp) by extension 'ignore'
[1.760s] Level 1:colcon.colcon_core.package_identification:_identify(/home/tersoo/ros_ws_new/src/object_tracking_cpp) by extension 'ignore_ament_install'
[1.760s] Level 1:colcon.colcon_core.package_identification:_identify(/home/tersoo/ros_ws_new/src/object_tracking_cpp) by extensions ['colcon_pkg']
[1.760s] Level 1:colcon.colcon_core.package_identification:_identify(/home/tersoo/ros_ws_new/src/object_tracking_cpp) by extension 'colcon_pkg'
[1.761s] Level 1:colcon.colcon_core.package_identification:_identify(/home/tersoo/ros_ws_new/src/object_tracking_cpp) by extensions ['colcon_meta']
[1.761s] Level 1:colcon.colcon_core.package_identification:_identify(/home/tersoo/ros_ws_new/src/object_tracking_cpp) by extension 'colcon_meta'
[1.761s] Level 1:colcon.colcon_core.package_identification:_identify(/home/tersoo/ros_ws_new/src/object_tracking_cpp) by extensions ['ros']
[1.761s] Level 1:colcon.colcon_core.package_identification:_identify(/home/tersoo/ros_ws_new/src/object_tracking_cpp) by extension 'ros'
[1.774s] DEBUG:colcon.colcon_core.package_identification:Package '/home/tersoo/ros_ws_new/src/object_tracking_cpp' with type 'ros.catkin' and name 'object_tracking'
[1.774s] Level 1:colcon.colcon_core.package_discovery:discover_packages(recursive) using defaults
